#
# There is insufficient memory for the Java Runtime Environment to continue.
# Native memory allocation (malloc) failed to allocate 32744 bytes for ChunkPool::allocate
# Possible reasons:
#   The system is out of physical RAM or swap space
#   In 32 bit mode, the process size limit was hit
# Possible solutions:
#   Reduce memory load on the system
#   Increase physical memory or swap space
#   Check if swap backing store is full
#   Use 64 bit Java on a 64 bit OS
#   Decrease Java heap size (-Xmx/-Xms)
#   Decrease number of Java threads
#   Decrease Java thread stack sizes (-Xss)
#   Set larger code cache with -XX:ReservedCodeCacheSize=
# This output file may be truncated or incomplete.
#
#  Out of Memory Error (allocation.cpp:273), pid=8900, tid=0x0000000000002050
#
# JRE version: Java(TM) SE Runtime Environment (8.0_102-b14) (build 1.8.0_102-b14)
# Java VM: Java HotSpot(TM) 64-Bit Server VM (25.102-b14 mixed mode windows-amd64 compressed oops)
# Failed to write core dump. Minidumps are not enabled by default on client versions of Windows
#

---------------  T H R E A D  ---------------

Current thread (0x000000000015f000):  JavaThread "main" [_thread_in_vm, id=8272, stack(0x0000000002500000,0x0000000002600000)]

Stack: [0x0000000002500000,0x0000000002600000]
[error occurred during error reporting (printing stack bounds), id 0xc0000005]

Native frames: (J=compiled Java code, j=interpreted, Vv=VM code, C=native code)

Java frames: (J=compiled Java code, j=interpreted, Vv=VM code)
j  java.lang.System.arraycopy(Ljava/lang/Object;ILjava/lang/Object;II)V+0
j  java.util.Arrays.copyOfRange([CII)[C+57
j  java.lang.String.<init>([CII)V+75
j  java.lang.String.substring(II)Ljava/lang/String;+75
j  java.lang.ProcessEnvironment.<clinit>()V+85
v  ~StubRoutines::call_stub
j  java.lang.System.getenv(Ljava/lang/String;)Ljava/lang/String;+39
j  sun.usagetracker.UsageTrackerClient$2.run()Ljava/lang/String;+4
j  sun.usagetracker.UsageTrackerClient$2.run()Ljava/lang/Object;+1
v  ~StubRoutines::call_stub
j  java.security.AccessController.doPrivileged(Ljava/security/PrivilegedAction;)Ljava/lang/Object;+0
j  sun.usagetracker.UsageTrackerClient.getEnvPrivileged(Ljava/lang/String;)Ljava/lang/String;+8
j  sun.usagetracker.UsageTrackerClient.getOSSpecificConfigFilePath()Ljava/lang/String;+54
j  sun.usagetracker.UsageTrackerClient.getConfigFilePrivileged()Ljava/io/File;+17
j  sun.usagetracker.UsageTrackerClient.setupAndTimestamp(J)V+11
j  sun.usagetracker.UsageTrackerClient.access$000(Lsun/usagetracker/UsageTrackerClient;J)V+2
j  sun.usagetracker.UsageTrackerClient$4.run()Ljava/lang/Void;+24
j  sun.usagetracker.UsageTrackerClient$4.run()Ljava/lang/Object;+1
v  ~StubRoutines::call_stub
j  java.security.AccessController.doPrivileged(Ljava/security/PrivilegedAction;)Ljava/lang/Object;+0
j  sun.usagetracker.UsageTrackerClient.run(Ljava/lang/String;Ljava/lang/String;)V+42
j  sun.misc.PostVMInitHook.trackJavaUsage()V+16
j  sun.misc.PostVMInitHook.run()V+0
v  ~StubRoutines::call_stub

---------------  P R O C E S S  ---------------

Java Threads: ( => current thread )
  0x0000000016b91800 JavaThread "Service Thread" daemon [_thread_blocked, id=6524, stack(0x0000000016f90000,0x0000000017090000)]
  0x00000000151d4000 JavaThread "C1 CompilerThread2" daemon [_thread_in_vm, id=2704, stack(0x00000000164d0000,0x00000000165d0000)]
  0x00000000151d3000 JavaThread "C2 CompilerThread1" daemon [_thread_in_vm, id=7504, stack(0x0000000016930000,0x0000000016a30000)]
  0x00000000151cf800 JavaThread "C2 CompilerThread0" daemon [_thread_blocked, id=7264, stack(0x0000000016a30000,0x0000000016b30000)]
  0x00000000151de000 JavaThread "Attach Listener" daemon [_thread_blocked, id=7848, stack(0x00000000167c0000,0x00000000168c0000)]
  0x00000000151dd000 JavaThread "Signal Dispatcher" daemon [_thread_blocked, id=8592, stack(0x00000000165d0000,0x00000000166d0000)]
  0x00000000151b9000 JavaThread "Finalizer" daemon [_thread_blocked, id=8484, stack(0x00000000161a0000,0x00000000162a0000)]
  0x0000000015172000 JavaThread "Reference Handler" daemon [_thread_blocked, id=5848, stack(0x00000000162d0000,0x00000000163d0000)]
=>0x000000000015f000 JavaThread "main" [_thread_in_vm, id=8272, stack(0x0000000002500000,0x0000000002600000)]

Other Threads:
  0x000000001516a800 VMThread [stack: 0x0000000016020000,0x0000000016120000] [id=6340]

VM state:not at safepoint (normal execution)

VM Mutex/Monitor currently owned by a thread:  ([mutex/lock_event])
[0x000000000015c610] CodeCache_lock - owner thread: 0x000000000015f000
[0x000000000015d740] AdapterHandlerLibrary_lock - owner thread: 0x000000000015f000
[0x000000000015dcc0] Compile_lock - owner thread: 0x00000000151d4000
[0x000000000015ddc0] MethodCompileQueue_lock - owner thread: 0x00000000151d4000

Heap:
 PSYoungGen      total 38400K, used 665K [0x00000000eab00000, 0x00000000ed580000, 0x0000000100000000)
  eden space 33280K, 2% used [0x00000000eab00000,0x00000000eaba6670,0x00000000ecb80000)
  from space 5120K, 0% used [0x00000000ed080000,0x00000000ed080000,0x00000000ed580000)
  to   space 5120K, 0% used [0x00000000ecb80000,0x00000000ecb80000,0x00000000ed080000)
 ParOldGen       total 87552K, used 0K [0x00000000c0000000, 0x00000000c5580000, 0x00000000eab00000)
  object space 87552K, 0% used [0x00000000c0000000,0x00000000c0000000,0x00000000c5580000)
 Metaspace       used 2199K, capacity 4480K, committed 4480K, reserved 1056768K
  class space    used 242K, capacity 384K, committed 384K, reserved 1048576K

Card table byte_map: [0x0000000011c90000,0x0000000011ea0000] byte_map_base: 0x0000000011690000

Marking Bits: (ParMarkBitMap*) 0x0000000054a9a6c0
 Begin Bits: [0x00000000125e0000, 0x00000000135e0000)
 End Bits:   [0x00000000135e0000, 0x00000000145e0000)

Polling page: 0x0000000000130000

CodeCache: size=245760Kb used=1061Kb max_used=1071Kb free=244699Kb
 bounds [0x00000000028d0000, 0x0000000002b40000, 0x00000000118d0000]
 total_blobs=222 nmethods=2 adapters=135
 compilation: enabled

Compilation events (5 events):
Event: 0.145 Thread 0x00000000151d4000    2       3       java.lang.String::hashCode (55 bytes)
Event: 0.145 Thread 0x00000000151d4000 nmethod 2 0x00000000029d7210 code [0x00000000029d7380, 0x00000000029d7610]
Event: 0.145 Thread 0x00000000151d4000    1       3       java.lang.Object::<init> (1 bytes)
Event: 0.145 Thread 0x00000000151d4000 nmethod 1 0x00000000029db650 code [0x00000000029db7a0, 0x00000000029db8f0]
Event: 0.146 Thread 0x00000000151d4000    3       3       java.lang.String::indexOf (70 bytes)

GC Heap History (0 events):
No events

Deoptimization events (0 events):
No events

Internal exceptions (2 events):
Event: 0.043 Thread 0x000000000015f000 Exception <a 'java/lang/NoSuchMethodError': Method sun.misc.Unsafe.defineClass(Ljava/lang/String;[BII)Ljava/lang/Class; name or signature does not match> (0x00000000eab07c78) thrown at [C:\re\workspace\8-2-build-windows-amd64-cygwin\jdk8u102\7268\hotspot\sO‹n ^G¶?
Event: 0.044 Thread 0x000000000015f000 Exception <a 'java/lang/NoSuchMethodError': Method sun.misc.Unsafe.prefetchRead(Ljava/lang/Object;J)V name or signature does not match> (0x00000000eab07f60) thrown at [C:\re\workspace\8-2-build-windows-amd64-cygwin\jdk8u102\7268\hotspot\src\share\vm\prims\

Events (10 events):
Event: 0.146 loading class sun/usagetracker/UsageTrackerClient$2
Event: 0.146 loading class sun/usagetracker/UsageTrackerClient$2 done
Event: 0.146 loading class java/lang/ProcessEnvironment
Event: 0.146 loading class java/lang/ProcessEnvironment done
Event: 0.146 loading class java/lang/ProcessEnvironment$NameComparator
Event: 0.146 loading class java/lang/ProcessEnvironment$NameComparator done
Event: 0.146 loading class java/lang/ProcessEnvironment$EntryComparator
Event: 0.146 loading class java/lang/ProcessEnvironment$EntryComparator done
Event: 0.146 loading class java/util/Collections$UnmodifiableMap
Event: 0.146 loading class java/util/Collections$UnmodifiableMap done


Dynamic libraries:
0x000000013fa80000 - 0x000000013fab7000 	C:\Program Files\Java\jdk1.8.0_102\bin\java.exe
0x0000000077a80000 - 0x0000000077c2a000 	C:\Windows\SYSTEM32\ntdll.dll
0x0000000077960000 - 0x0000000077a7f000 	C:\Windows\system32\kernel32.dll
0x000007fefd8c0000 - 0x000007fefd92a000 	C:\Windows\system32\KERNELBASE.dll
0x000007fefe0c0000 - 0x000007fefe19b000 	C:\Windows\system32\ADVAPI32.dll
0x000007fefe340000 - 0x000007fefe3df000 	C:\Windows\system32\msvcrt.dll
0x000007feffd70000 - 0x000007feffd8f000 	C:\Windows\SYSTEM32\sechost.dll
0x000007fefe1a0000 - 0x000007fefe2cd000 	C:\Windows\system32\RPCRT4.dll
0x0000000077860000 - 0x000000007795a000 	C:\Windows\system32\USER32.dll
0x000007fefe2d0000 - 0x000007fefe337000 	C:\Windows\system32\GDI32.dll
0x000007feff4b0000 - 0x000007feff4be000 	C:\Windows\system32\LPK.dll
0x000007fefdb80000 - 0x000007fefdc4a000 	C:\Windows\system32\USP10.dll
0x000007fefad60000 - 0x000007fefaf54000 	C:\Windows\WinSxS\amd64_microsoft.windows.common-controls_6595b64144ccf1df_6.0.7601.18837_none_fa3b1e3d17594757\COMCTL32.dll
0x000007feffcf0000 - 0x000007feffd61000 	C:\Windows\system32\SHLWAPI.dll
0x000007feffcc0000 - 0x000007feffcee000 	C:\Windows\system32\IMM32.DLL
0x000007feff3a0000 - 0x000007feff4a9000 	C:\Windows\system32\MSCTF.dll
0x00000000552e0000 - 0x00000000553b1000 	C:\Program Files\Java\jdk1.8.0_102\jre\bin\msvcr100.dll
0x0000000054280000 - 0x0000000054b1a000 	C:\Program Files\Java\jdk1.8.0_102\jre\bin\server\jvm.dll
0x000007fef6630000 - 0x000007fef6639000 	C:\Windows\system32\WSOCK32.dll
0x000007feff350000 - 0x000007feff39d000 	C:\Windows\system32\WS2_32.dll
0x000007feff7b0000 - 0x000007feff7b8000 	C:\Windows\system32\NSI.dll
0x000007fef9980000 - 0x000007fef99bb000 	C:\Windows\system32\WINMM.dll
0x000007fefc6d0000 - 0x000007fefc6dc000 	C:\Windows\system32\VERSION.dll
0x0000000077c40000 - 0x0000000077c47000 	C:\Windows\system32\PSAPI.DLL
0x000000006c4a0000 - 0x000000006c4af000 	C:\Program Files\Java\jdk1.8.0_102\jre\bin\verify.dll
0x000000006c470000 - 0x000000006c499000 	C:\Program Files\Java\jdk1.8.0_102\jre\bin\java.dll
0x000000006c450000 - 0x000000006c466000 	C:\Program Files\Java\jdk1.8.0_102\jre\bin\zip.dll
0x000007fefe3e0000 - 0x000007feff16a000 	C:\Windows\system32\SHELL32.dll
0x000007fefde50000 - 0x000007fefe053000 	C:\Windows\system32\ole32.dll
0x000007fefd7c0000 - 0x000007fefd7cf000 	C:\Windows\system32\profapi.dll

VM Arguments:
jvm_args: -Djava.awt.headless=true -Xmx1024M -Dfile.encoding=windows-1252 -Duser.country=US -Duser.language=en -Duser.variant 
java_command: com.android.dx.command.Main --dex --force-jumbo --num-threads=4 --multi-dex --output B:\GitHub\What'sForDinner\app\build\intermediates\transforms\dex\debug\folders\1000\5\slice_0 B:\GitHub\What'sForDinner\app\build\intermediates\transforms\instantRunSlicer\debug\folders\1\5\slice_0
java_class_path (initial): B:\Android_SDK\build-tools\24.0.1\lib\dx.jar
Launcher Type: SUN_STANDARD

Environment Variables:
PATH=C:\ProgramData\Oracle\Java\javapath;C:\Windows\system32;C:\Windows;C:\Windows\System32\Wbem;C:\Windows\System32\WindowsPowerShell\v1.0\;C:\Program Files\Microsoft SQL Server\110\Tools\Binn\;C:\Program Files (x86)\NVIDIA Corporation\PhysX\Common;B:\RailsInstaller\Ruby2.1.0\bin;C:\Program Files (x86)\Steam;C:\Users\Abdullah Al-Shehabi\AppData\Local\atom\bin
USERNAME=Abdullah Al-Shehabi
OS=Windows_NT
PROCESSOR_IDENTIFIER=Intel64 Family 6 Model 58 Stepping 9, GenuineIntel



---------------  S Y S T E M  ---------------

OS: Windows 7 , 64 bit Build 7601 (6.1.7601.23418)

CPU:total 4 (4 cores per cpu, 1 threads per core) family 6 model 58 stepping 9, cmov, cx8, fxsr, mmx, sse, sse2, sse3, ssse3, sse4.1, sse4.2, popcnt, avx, aes, clmul, erms, tsc, tscinvbit, tscinv

Memory: 4k page, physical 8331840k(1603016k free), swap 8499796k(5756k free)

vm_info: Java HotSpot(TM) 64-Bit Server VM (25.102-b14) for windows-amd64 JRE (1.8.0_102-b14), built on Jun 22 2016 13:15:21 by "java_re" with MS VC++ 10.0 (VS2010)

time: Sun Sep 11 23:31:57 2016
elapsed time: 0 seconds (0d 0h 0m 0s)

